<?xml version="1.0" encoding="UTF-8"?>
<testsuite name="nopCommerce"
           tests="2"
           failures="0"
           errors="0"
           skipped="0"
           time="17.828">
  <properties />
  
  
            <testcase name="verifyUserShouldclickonelectronics" time="0.184" classname="com.nopCommerce.testsuite.ComputerPageTest" />
                <testcase name="verifyProductAddedToShoppingCartSuccessFully" time="17.644" classname="com.nopCommerce.testsuite.ComputerPageTest" />
      
</testsuite>
