<?xml version="1.0" encoding="UTF-8"?>
<!-- Generated by org.testng.reporters.JUnitXMLReporter -->
<testsuite ignored="0" hostname="Hirals-Laptop" failures="0" tests="2" name="Login Test" time="62.56" errors="0" timestamp="2023-07-01T00:11:56 BST">
  <testcase classname="cv.library.uk.testsuite.JobSearchTest" name="verifyJobSearchResultUsingDifferentDataSet" time="27.133"/>
  <testcase classname="cv.library.uk.testsuite.JobSearchTest" name="verifyJobSearchResultUsingDifferentDataSet" time="26.093"/>
</testsuite> <!-- Login Test -->
