<?xml version="1.0" encoding="UTF-8"?>
<!-- Generated by org.testng.reporters.JUnitXMLReporter -->
<testsuite ignored="0" hostname="Hirals-Laptop" failures="0" tests="2" name="Login Test" time="61.05" errors="0" timestamp="2023-06-30T23:23:12 BST">
  <testcase classname="cv.library.uk.testsuite.JobSearchTest" name="verifyJobSearchResultUsingDifferentDataSet" time="26.995"/>
  <testcase classname="cv.library.uk.testsuite.JobSearchTest" name="verifyJobSearchResultUsingDifferentDataSet" time="26.648"/>
</testsuite> <!-- Login Test -->
