<?xml version="1.0" encoding="UTF-8"?>
<!-- Generated by org.testng.reporters.JUnitXMLReporter -->
<testsuite ignored="0" hostname="Hirals-Laptop" failures="0" tests="3" name="Login Test" time="12.863" errors="0" timestamp="2023-06-30T22:01:10 BST">
  <testcase classname="gov.uk.check.visa.testsuite.VisaConfirmationTest" name="aChileanComingToTheUKForWorkAndPlansOnStayingForLongerThanSixMonths" time="1.731"/>
  <testcase classname="gov.uk.check.visa.testsuite.VisaConfirmationTest" name="anAustralianCominToUKForTourism" time="1.159"/>
  <testcase classname="gov.uk.check.visa.testsuite.VisaConfirmationTest" name="aColumbianNationalComingToTheUKToJoinAPartnerForALongStayTheyDoHaveAnArticle10Or20Card" time="1.481"/>
</testsuite> <!-- Login Test -->
