<?xml version="1.0" encoding="UTF-8"?>
<testng-results ignored="0" total="2" passed="2" failed="0" skipped="0">
  <reporter-output>
  </reporter-output>
  <suite started-at="2023-07-01T00:10:53 BST" name="testsuite" finished-at="2023-07-01T00:11:55 BST" duration-ms="62560">
    <groups>
    </groups>
    <test started-at="2023-07-01T00:10:53 BST" name="Login Test" finished-at="2023-07-01T00:11:55 BST" duration-ms="62560">
      <class name="cv.library.uk.testsuite.JobSearchTest">
        <test-method is-config="true" signature="setUp()[pri:0, instance:cv.library.uk.testsuite.JobSearchTest@5d908d47]" started-at="2023-07-01T00:10:53 BST" name="setUp" finished-at="2023-07-01T00:10:58 BST" duration-ms="5070" status="PASS">
          <reporter-output>
          </reporter-output>
        </test-method> <!-- setUp -->
        <test-method is-config="true" signature="inIt()[pri:0, instance:cv.library.uk.testsuite.JobSearchTest@5d908d47]" started-at="2023-07-01T00:10:58 BST" name="inIt" finished-at="2023-07-01T00:10:58 BST" duration-ms="65" status="PASS">
          <reporter-output>
          </reporter-output>
        </test-method> <!-- inIt -->
        <test-method signature="verifyJobSearchResultUsingDifferentDataSet(java.lang.String,java.lang.String,java.lang.String,java.lang.String,java.lang.String,java.lang.String,java.lang.String,java.lang.String)[pri:0, instance:cv.library.uk.testsuite.JobSearchTest@5d908d47]" started-at="2023-07-01T00:10:58 BST" name="verifyJobSearchResultUsingDifferentDataSet" data-provider="resultData" finished-at="2023-07-01T00:11:25 BST" duration-ms="27133" status="PASS">
          <params>
            <param index="0">
              <value>
                <![CDATA[Tester]]>
              </value>
            </param>
            <param index="1">
              <value>
                <![CDATA[Harrow, Greater London]]>
              </value>
            </param>
            <param index="2">
              <value>
                <![CDATA[5 miles]]>
              </value>
            </param>
            <param index="3">
              <value>
                <![CDATA[30000]]>
              </value>
            </param>
            <param index="4">
              <value>
                <![CDATA[50000]]>
              </value>
            </param>
            <param index="5">
              <value>
                <![CDATA[Per annum]]>
              </value>
            </param>
            <param index="6">
              <value>
                <![CDATA[Permanent]]>
              </value>
            </param>
            <param index="7">
              <value>
                <![CDATA[Permanent Tester jobs in Harrow]]>
              </value>
            </param>
          </params>
          <reporter-output>
          </reporter-output>
        </test-method> <!-- verifyJobSearchResultUsingDifferentDataSet -->
        <test-method is-config="true" signature="tearDown()[pri:0, instance:cv.library.uk.testsuite.JobSearchTest@5d908d47]" started-at="2023-07-01T00:11:25 BST" name="tearDown" finished-at="2023-07-01T00:11:26 BST" duration-ms="389" status="PASS">
          <reporter-output>
          </reporter-output>
        </test-method> <!-- tearDown -->
        <test-method is-config="true" signature="setUp()[pri:0, instance:cv.library.uk.testsuite.JobSearchTest@5d908d47]" started-at="2023-07-01T00:11:26 BST" name="setUp" finished-at="2023-07-01T00:11:29 BST" duration-ms="3032" status="PASS">
          <reporter-output>
          </reporter-output>
        </test-method> <!-- setUp -->
        <test-method is-config="true" signature="inIt()[pri:0, instance:cv.library.uk.testsuite.JobSearchTest@5d908d47]" started-at="2023-07-01T00:11:29 BST" name="inIt" finished-at="2023-07-01T00:11:29 BST" duration-ms="18" status="PASS">
          <reporter-output>
          </reporter-output>
        </test-method> <!-- inIt -->
        <test-method signature="verifyJobSearchResultUsingDifferentDataSet(java.lang.String,java.lang.String,java.lang.String,java.lang.String,java.lang.String,java.lang.String,java.lang.String,java.lang.String)[pri:0, instance:cv.library.uk.testsuite.JobSearchTest@5d908d47]" started-at="2023-07-01T00:11:29 BST" name="verifyJobSearchResultUsingDifferentDataSet" data-provider="resultData" finished-at="2023-07-01T00:11:55 BST" duration-ms="26093" status="PASS">
          <params>
            <param index="0">
              <value>
                <![CDATA[Test manager]]>
              </value>
            </param>
            <param index="1">
              <value>
                <![CDATA[London]]>
              </value>
            </param>
            <param index="2">
              <value>
                <![CDATA[5 miles]]>
              </value>
            </param>
            <param index="3">
              <value>
                <![CDATA[30000]]>
              </value>
            </param>
            <param index="4">
              <value>
                <![CDATA[40000]]>
              </value>
            </param>
            <param index="5">
              <value>
                <![CDATA[Per annum]]>
              </value>
            </param>
            <param index="6">
              <value>
                <![CDATA[Permanent]]>
              </value>
            </param>
            <param index="7">
              <value>
                <![CDATA[Permanent Test Manager jobs in London]]>
              </value>
            </param>
          </params>
          <reporter-output>
          </reporter-output>
        </test-method> <!-- verifyJobSearchResultUsingDifferentDataSet -->
        <test-method is-config="true" signature="tearDown()[pri:0, instance:cv.library.uk.testsuite.JobSearchTest@5d908d47]" started-at="2023-07-01T00:11:55 BST" name="tearDown" finished-at="2023-07-01T00:11:55 BST" duration-ms="311" status="PASS">
          <reporter-output>
          </reporter-output>
        </test-method> <!-- tearDown -->
      </class> <!-- cv.library.uk.testsuite.JobSearchTest -->
    </test> <!-- Login Test -->
  </suite> <!-- testsuite -->
</testng-results>
